c:\users\vehel\documents\proget_opgl\troid_des_n3\x64\debug\vc143.pdb
c:\users\vehel\documents\proget_opgl\troid_des_n3\x64\debug\vc143.idb
c:\users\vehel\documents\proget_opgl\troid_des_n3\x64\debug\shadeur.obj
c:\users\vehel\documents\proget_opgl\troid_des_n3\x64\debug\maine.obj
c:\users\vehel\documents\proget_opgl\troid_des_n3\x64\debug\meche.obj
c:\users\vehel\documents\proget_opgl\troid_des_n3\x64\debug\objectloader.obj
c:\users\vehel\documents\proget_opgl\troid_des_n3\x64\debug\lacamera.obj
c:\users\vehel\documents\proget_opgl\troid_des_n3\x64\debug\maine.obj.enc
c:\users\vehel\documents\proget_opgl\troid_des_n3\x64\debug\troid_des_n3.pdb
c:\users\vehel\documents\proget_opgl\troid_des_n3\x64\debug\troid_des_n3.tlog\cl.command.1.tlog
c:\users\vehel\documents\proget_opgl\troid_des_n3\x64\debug\troid_des_n3.tlog\cl.read.1.tlog
c:\users\vehel\documents\proget_opgl\troid_des_n3\x64\debug\troid_des_n3.tlog\cl.write.1.tlog
c:\users\vehel\documents\proget_opgl\troid_des_n3\x64\debug\troid_des_n3.tlog\link-cvtres.read.1.tlog
c:\users\vehel\documents\proget_opgl\troid_des_n3\x64\debug\troid_des_n3.tlog\link-cvtres.write.1.tlog
c:\users\vehel\documents\proget_opgl\troid_des_n3\x64\debug\troid_des_n3.tlog\link-rc.read.1.tlog
c:\users\vehel\documents\proget_opgl\troid_des_n3\x64\debug\troid_des_n3.tlog\link-rc.write.1.tlog
c:\users\vehel\documents\proget_opgl\troid_des_n3\x64\debug\troid_des_n3.tlog\link.19708-cvtres.read.1.tlog
c:\users\vehel\documents\proget_opgl\troid_des_n3\x64\debug\troid_des_n3.tlog\link.19708-cvtres.write.1.tlog
c:\users\vehel\documents\proget_opgl\troid_des_n3\x64\debug\troid_des_n3.tlog\link.19708-rc.read.1.tlog
c:\users\vehel\documents\proget_opgl\troid_des_n3\x64\debug\troid_des_n3.tlog\link.19708-rc.write.1.tlog
c:\users\vehel\documents\proget_opgl\troid_des_n3\x64\debug\troid_des_n3.tlog\link.19708.read.1.tlog
c:\users\vehel\documents\proget_opgl\troid_des_n3\x64\debug\troid_des_n3.tlog\link.19708.read.2.tlog
c:\users\vehel\documents\proget_opgl\troid_des_n3\x64\debug\troid_des_n3.tlog\link.19708.write.1.tlog
c:\users\vehel\documents\proget_opgl\troid_des_n3\x64\debug\troid_des_n3.tlog\link.command.1.tlog
c:\users\vehel\documents\proget_opgl\troid_des_n3\x64\debug\troid_des_n3.tlog\link.read.1.tlog
c:\users\vehel\documents\proget_opgl\troid_des_n3\x64\debug\troid_des_n3.tlog\link.read.2.tlog
c:\users\vehel\documents\proget_opgl\troid_des_n3\x64\debug\troid_des_n3.tlog\link.read.3.tlog
c:\users\vehel\documents\proget_opgl\troid_des_n3\x64\debug\troid_des_n3.tlog\link.write.1.tlog
